<?xml version="1.0" encoding="UTF-8"?>
<testsuite xmlns:xsi="http://www.w3.org/2001/XMLSchema-instance" xsi:noNamespaceSchemaLocation="https://maven.apache.org/surefire/maven-surefire-plugin/xsd/surefire-test-report.xsd" name="com.epam.brest.courses.dao.PaymentDaoJdbcTest" time="1.95" tests="1" errors="1" skipped="0" failures="0">
  <properties>
    <property name="sun.desktop" value="windows"/>
    <property name="awt.toolkit" value="sun.awt.windows.WToolkit"/>
    <property name="java.specification.version" value="11"/>
    <property name="sun.cpu.isalist" value="amd64"/>
    <property name="sun.jnu.encoding" value="Cp1251"/>
    <property name="java.class.path" value="C:\Users\Alivaria\Documents\GitHub\payment-system\payment-system-dao\target\test-classes;C:\Users\Alivaria\Documents\GitHub\payment-system\payment-system-dao\target\classes;C:\Users\Alivaria\Documents\GitHub\payment-system\payment-system-testdb\target\payment-system-testdb-1.0-SNAPSHOT.jar;C:\Users\Alivaria\.m2\repository\org\springframework\spring-beans\5.1.8.RELEASE\spring-beans-5.1.8.RELEASE.jar;C:\Users\Alivaria\.m2\repository\com\h2database\h2\1.4.200\h2-1.4.200.jar;C:\Users\Alivaria\Documents\GitHub\payment-system\payment-system-model\target\payment-system-model-1.0-SNAPSHOT.jar;C:\Users\Alivaria\.m2\repository\org\springframework\spring-test\5.1.8.RELEASE\spring-test-5.1.8.RELEASE.jar;C:\Users\Alivaria\.m2\repository\org\springframework\spring-core\5.1.8.RELEASE\spring-core-5.1.8.RELEASE.jar;C:\Users\Alivaria\.m2\repository\org\springframework\spring-jcl\5.1.8.RELEASE\spring-jcl-5.1.8.RELEASE.jar;C:\Users\Alivaria\.m2\repository\ch\qos\logback\logback-core\1.2.3\logback-core-1.2.3.jar;C:\Users\Alivaria\.m2\repository\org\slf4j\slf4j-api\1.7.30\slf4j-api-1.7.30.jar;C:\Users\Alivaria\.m2\repository\ch\qos\logback\logback-classic\1.2.3\logback-classic-1.2.3.jar;C:\Users\Alivaria\.m2\repository\org\junit\jupiter\junit-jupiter-api\5.2.0\junit-jupiter-api-5.2.0.jar;C:\Users\Alivaria\.m2\repository\org\apiguardian\apiguardian-api\1.0.0\apiguardian-api-1.0.0.jar;C:\Users\Alivaria\.m2\repository\org\opentest4j\opentest4j\1.1.0\opentest4j-1.1.0.jar;C:\Users\Alivaria\.m2\repository\org\junit\platform\junit-platform-commons\1.2.0\junit-platform-commons-1.2.0.jar;C:\Users\Alivaria\.m2\repository\org\junit\vintage\junit-vintage-engine\5.2.0\junit-vintage-engine-5.2.0.jar;C:\Users\Alivaria\.m2\repository\org\junit\platform\junit-platform-engine\1.2.0\junit-platform-engine-1.2.0.jar;C:\Users\Alivaria\.m2\repository\junit\junit\4.12\junit-4.12.jar;C:\Users\Alivaria\.m2\repository\org\hamcrest\hamcrest-core\1.3\hamcrest-core-1.3.jar;C:\Users\Alivaria\.m2\repository\org\junit\jupiter\junit-jupiter-engine\5.2.0\junit-jupiter-engine-5.2.0.jar;C:\Users\Alivaria\.m2\repository\org\springframework\spring-context\5.1.8.RELEASE\spring-context-5.1.8.RELEASE.jar;C:\Users\Alivaria\.m2\repository\org\springframework\spring-aop\5.1.8.RELEASE\spring-aop-5.1.8.RELEASE.jar;C:\Users\Alivaria\.m2\repository\org\springframework\spring-expression\5.1.8.RELEASE\spring-expression-5.1.8.RELEASE.jar;C:\Users\Alivaria\.m2\repository\org\springframework\spring-jdbc\5.1.8.RELEASE\spring-jdbc-5.1.8.RELEASE.jar;C:\Users\Alivaria\.m2\repository\org\springframework\spring-tx\5.1.8.RELEASE\spring-tx-5.1.8.RELEASE.jar;C:\Users\Alivaria\.m2\repository\org\mockito\mockito-core\3.1.0\mockito-core-3.1.0.jar;C:\Users\Alivaria\.m2\repository\net\bytebuddy\byte-buddy\1.9.10\byte-buddy-1.9.10.jar;C:\Users\Alivaria\.m2\repository\net\bytebuddy\byte-buddy-agent\1.9.10\byte-buddy-agent-1.9.10.jar;C:\Users\Alivaria\.m2\repository\org\objenesis\objenesis\2.6\objenesis-2.6.jar;C:\Users\Alivaria\.m2\repository\org\mockito\mockito-junit-jupiter\3.1.0\mockito-junit-jupiter-3.1.0.jar;"/>
    <property name="java.vm.vendor" value="JetBrains s.r.o"/>
    <property name="sun.arch.data.model" value="64"/>
    <property name="user.variant" value=""/>
    <property name="java.vendor.url" value="https://www.jetbrains.com/"/>
    <property name="user.timezone" value="Europe/Moscow"/>
    <property name="user.country.format" value="BY"/>
    <property name="java.vm.specification.version" value="11"/>
    <property name="os.name" value="Windows 10"/>
    <property name="sun.java.launcher" value="SUN_STANDARD"/>
    <property name="user.country" value="RU"/>
    <property name="sun.boot.library.path" value="C:\Program Files\JetBrains\IntelliJ IDEA 2019.2.4\jbr\bin"/>
    <property name="sun.java.command" value="C:\Users\Alivaria\AppData\Local\Temp\surefire4077213183585131219\surefirebooter13573195215587393363.jar C:\Users\Alivaria\AppData\Local\Temp\surefire4077213183585131219 2020-03-08T12-46-47_120-jvmRun1 surefire11674973628999339366tmp surefire_07441580987098629240tmp"/>
    <property name="jdk.debug" value="release"/>
    <property name="surefire.test.class.path" value="C:\Users\Alivaria\Documents\GitHub\payment-system\payment-system-dao\target\test-classes;C:\Users\Alivaria\Documents\GitHub\payment-system\payment-system-dao\target\classes;C:\Users\Alivaria\Documents\GitHub\payment-system\payment-system-testdb\target\payment-system-testdb-1.0-SNAPSHOT.jar;C:\Users\Alivaria\.m2\repository\org\springframework\spring-beans\5.1.8.RELEASE\spring-beans-5.1.8.RELEASE.jar;C:\Users\Alivaria\.m2\repository\com\h2database\h2\1.4.200\h2-1.4.200.jar;C:\Users\Alivaria\Documents\GitHub\payment-system\payment-system-model\target\payment-system-model-1.0-SNAPSHOT.jar;C:\Users\Alivaria\.m2\repository\org\springframework\spring-test\5.1.8.RELEASE\spring-test-5.1.8.RELEASE.jar;C:\Users\Alivaria\.m2\repository\org\springframework\spring-core\5.1.8.RELEASE\spring-core-5.1.8.RELEASE.jar;C:\Users\Alivaria\.m2\repository\org\springframework\spring-jcl\5.1.8.RELEASE\spring-jcl-5.1.8.RELEASE.jar;C:\Users\Alivaria\.m2\repository\ch\qos\logback\logback-core\1.2.3\logback-core-1.2.3.jar;C:\Users\Alivaria\.m2\repository\org\slf4j\slf4j-api\1.7.30\slf4j-api-1.7.30.jar;C:\Users\Alivaria\.m2\repository\ch\qos\logback\logback-classic\1.2.3\logback-classic-1.2.3.jar;C:\Users\Alivaria\.m2\repository\org\junit\jupiter\junit-jupiter-api\5.2.0\junit-jupiter-api-5.2.0.jar;C:\Users\Alivaria\.m2\repository\org\apiguardian\apiguardian-api\1.0.0\apiguardian-api-1.0.0.jar;C:\Users\Alivaria\.m2\repository\org\opentest4j\opentest4j\1.1.0\opentest4j-1.1.0.jar;C:\Users\Alivaria\.m2\repository\org\junit\platform\junit-platform-commons\1.2.0\junit-platform-commons-1.2.0.jar;C:\Users\Alivaria\.m2\repository\org\junit\vintage\junit-vintage-engine\5.2.0\junit-vintage-engine-5.2.0.jar;C:\Users\Alivaria\.m2\repository\org\junit\platform\junit-platform-engine\1.2.0\junit-platform-engine-1.2.0.jar;C:\Users\Alivaria\.m2\repository\junit\junit\4.12\junit-4.12.jar;C:\Users\Alivaria\.m2\repository\org\hamcrest\hamcrest-core\1.3\hamcrest-core-1.3.jar;C:\Users\Alivaria\.m2\repository\org\junit\jupiter\junit-jupiter-engine\5.2.0\junit-jupiter-engine-5.2.0.jar;C:\Users\Alivaria\.m2\repository\org\springframework\spring-context\5.1.8.RELEASE\spring-context-5.1.8.RELEASE.jar;C:\Users\Alivaria\.m2\repository\org\springframework\spring-aop\5.1.8.RELEASE\spring-aop-5.1.8.RELEASE.jar;C:\Users\Alivaria\.m2\repository\org\springframework\spring-expression\5.1.8.RELEASE\spring-expression-5.1.8.RELEASE.jar;C:\Users\Alivaria\.m2\repository\org\springframework\spring-jdbc\5.1.8.RELEASE\spring-jdbc-5.1.8.RELEASE.jar;C:\Users\Alivaria\.m2\repository\org\springframework\spring-tx\5.1.8.RELEASE\spring-tx-5.1.8.RELEASE.jar;C:\Users\Alivaria\.m2\repository\org\mockito\mockito-core\3.1.0\mockito-core-3.1.0.jar;C:\Users\Alivaria\.m2\repository\net\bytebuddy\byte-buddy\1.9.10\byte-buddy-1.9.10.jar;C:\Users\Alivaria\.m2\repository\net\bytebuddy\byte-buddy-agent\1.9.10\byte-buddy-agent-1.9.10.jar;C:\Users\Alivaria\.m2\repository\org\objenesis\objenesis\2.6\objenesis-2.6.jar;C:\Users\Alivaria\.m2\repository\org\mockito\mockito-junit-jupiter\3.1.0\mockito-junit-jupiter-3.1.0.jar;"/>
    <property name="sun.cpu.endian" value="little"/>
    <property name="user.home" value="C:\Users\Alivaria"/>
    <property name="user.language" value="ru"/>
    <property name="java.specification.vendor" value="Oracle Corporation"/>
    <property name="java.version.date" value="2019-07-16"/>
    <property name="java.home" value="C:\Program Files\JetBrains\IntelliJ IDEA 2019.2.4\jbr"/>
    <property name="file.separator" value="\"/>
    <property name="basedir" value="C:\Users\Alivaria\Documents\GitHub\payment-system\payment-system-dao"/>
    <property name="java.vm.compressedOopsMode" value="32-bit"/>
    <property name="line.separator" value="&#10;"/>
    <property name="idea.version2019.2.4" value="true"/>
    <property name="java.specification.name" value="Java Platform API Specification"/>
    <property name="java.vm.specification.vendor" value="Oracle Corporation"/>
    <property name="java.awt.graphicsenv" value="sun.awt.Win32GraphicsEnvironment"/>
    <property name="surefire.real.class.path" value="C:\Users\Alivaria\AppData\Local\Temp\surefire4077213183585131219\surefirebooter13573195215587393363.jar"/>
    <property name="user.script" value=""/>
    <property name="sun.management.compiler" value="HotSpot 64-Bit Tiered Compilers"/>
    <property name="java.runtime.version" value="11.0.4+10-b304.77"/>
    <property name="user.name" value="Alivaria"/>
    <property name="path.separator" value=";"/>
    <property name="os.version" value="10.0"/>
    <property name="java.runtime.name" value="OpenJDK Runtime Environment"/>
    <property name="file.encoding" value="Cp1251"/>
    <property name="java.vm.name" value="OpenJDK 64-Bit Server VM"/>
    <property name="localRepository" value="C:\Users\Alivaria\.m2\repository"/>
    <property name="java.vendor.url.bug" value="https://youtrack.jetbrains.com"/>
    <property name="java.io.tmpdir" value="C:\Users\Alivaria\AppData\Local\Temp\"/>
    <property name="java.version" value="11.0.4"/>
    <property name="user.dir" value="C:\Users\Alivaria\Documents\GitHub\payment-system\payment-system-dao"/>
    <property name="os.arch" value="amd64"/>
    <property name="java.vm.specification.name" value="Java Virtual Machine Specification"/>
    <property name="java.awt.printerjob" value="sun.awt.windows.WPrinterJob"/>
    <property name="sun.os.patch.level" value=""/>
    <property name="java.library.path" value="C:\Program Files\JetBrains\IntelliJ IDEA 2019.2.4\jbr\bin;C:\Windows\Sun\Java\bin;C:\Windows\system32;C:\Windows;C:\Ruby25-x64\bin;C:\Windows\system32;C:\Windows;C:\Windows\System32\Wbem;C:\Windows\System32\WindowsPowerShell\v1.0\;C:\Windows\System32\OpenSSH\;C:\Program Files (x86)\NVIDIA Corporation\PhysX\Common;C:\Program Files (x86)\AMD\ATI.ACE\Core-Static;C:\Program Files\Git\cmd;C:\Program Files\Jitterbit Agent\bin;C:\Program Files\Jitterbit Agent\axis\lib;C:\Program Files (x86)\Jitterbit Cloud Data Loader\bin;C:\Program Files (x86)\Jitterbit Cloud Data Loader\axis\lib;C:\Users\Alivaria\AppData\Roaming\nvm;C:\Program Files\nodejs;C:\Users\Alivaria\.windows-build-tools\python27\;C:\Users\Alivaria\AppData\Local\Microsoft\WindowsApps;C:\Users\Alivaria\AppData\Local\Programs\Microsoft VS Code\bin;C:\Users\Alivaria\AppData\Roaming\npm;C:\Users\Alivaria\AppData\Local\GitHubDesktop\bin;C:\Program Files\Salesforce CLI\bin;C:\Program Files\heroku\bin;C:\Users\Alivaria\AppData\Roaming\nvm;C:\Program Files\nodejs;."/>
    <property name="java.vendor" value="JetBrains s.r.o"/>
    <property name="java.vm.info" value="mixed mode, sharing"/>
    <property name="java.vm.version" value="11.0.4+10-b304.77"/>
    <property name="sun.io.unicode.encoding" value="UnicodeLittle"/>
    <property name="java.class.version" value="55.0"/>
  </properties>
  <testcase name="shouldFindAllCards" classname="com.epam.brest.courses.dao.PaymentDaoJdbcTest" time="0.011">
    <error message="Failed to resolve parameter [com.epam.brest.courses.dao.PaymentDao arg0] in executable [public com.epam.brest.courses.dao.PaymentDaoJdbcTest(com.epam.brest.courses.dao.PaymentDao)]" type="org.junit.jupiter.api.extension.ParameterResolutionException">org.junit.jupiter.api.extension.ParameterResolutionException: Failed to resolve parameter [com.epam.brest.courses.dao.PaymentDao arg0] in executable [public com.epam.brest.courses.dao.PaymentDaoJdbcTest(com.epam.brest.courses.dao.PaymentDao)]
Caused by: java.lang.IllegalStateException: Failed to load ApplicationContext
Caused by: org.springframework.beans.factory.CannotLoadBeanClassException: Cannot find class [com.epam.brest.courses.dao.PaymentDaoJdbc] for bean with name 'paymentDao' defined in URL [file:/C:/Users/Alivaria/Documents/GitHub/payment-system/payment-system-dao/target/test-classes/test-dao.xml]; nested exception is java.lang.ClassNotFoundException: com.epam.brest.courses.dao.PaymentDaoJdbc
Caused by: java.lang.ClassNotFoundException: com.epam.brest.courses.dao.PaymentDaoJdbc
</error>
    <system-out><![CDATA[12:47:11.873 [main] DEBUG org.springframework.test.context.BootstrapUtils - Instantiating CacheAwareContextLoaderDelegate from class [org.springframework.test.context.cache.DefaultCacheAwareContextLoaderDelegate]
12:47:11.897 [main] DEBUG org.springframework.test.context.BootstrapUtils - Instantiating BootstrapContext using constructor [public org.springframework.test.context.support.DefaultBootstrapContext(java.lang.Class,org.springframework.test.context.CacheAwareContextLoaderDelegate)]
12:47:11.910 [main] DEBUG org.springframework.test.context.BootstrapUtils - Instantiating TestContextBootstrapper for test class [com.epam.brest.courses.dao.PaymentDaoJdbcTest] from class [org.springframework.test.context.support.DefaultTestContextBootstrapper]
12:47:11.940 [main] DEBUG org.springframework.test.context.support.AbstractDelegatingSmartContextLoader - Delegating to GenericXmlContextLoader to process context configuration [ContextConfigurationAttributes@5b7a5baa declaringClass = 'com.epam.brest.courses.dao.PaymentDaoJdbcTest', classes = '{}', locations = '{classpath*:test-db.xml, classpath*:test-dao.xml}', inheritLocations = true, initializers = '{}', inheritInitializers = true, name = [null], contextLoaderClass = 'org.springframework.test.context.ContextLoader'].
12:47:11.958 [main] DEBUG org.springframework.test.context.support.ActiveProfilesUtils - Could not find an 'annotation declaring class' for annotation type [org.springframework.test.context.ActiveProfiles] and class [com.epam.brest.courses.dao.PaymentDaoJdbcTest]
12:47:11.959 [main] DEBUG org.springframework.test.context.support.DefaultTestContextBootstrapper - @TestExecutionListeners is not present for class [com.epam.brest.courses.dao.PaymentDaoJdbcTest]: using defaults.
12:47:11.960 [main] INFO org.springframework.test.context.support.DefaultTestContextBootstrapper - Loaded default TestExecutionListener class names from location [META-INF/spring.factories]: [org.springframework.test.context.web.ServletTestExecutionListener, org.springframework.test.context.support.DirtiesContextBeforeModesTestExecutionListener, org.springframework.test.context.support.DependencyInjectionTestExecutionListener, org.springframework.test.context.support.DirtiesContextTestExecutionListener, org.springframework.test.context.transaction.TransactionalTestExecutionListener, org.springframework.test.context.jdbc.SqlScriptsTestExecutionListener]
12:47:11.964 [main] DEBUG org.springframework.test.context.support.DefaultTestContextBootstrapper - Skipping candidate TestExecutionListener [org.springframework.test.context.web.ServletTestExecutionListener] due to a missing dependency. Specify custom listener classes or make the default listener classes and their required dependencies available. Offending class: [javax/servlet/ServletContext]
12:47:11.973 [main] INFO org.springframework.test.context.support.DefaultTestContextBootstrapper - Using TestExecutionListeners: [org.springframework.test.context.support.DirtiesContextBeforeModesTestExecutionListener@45b4c3a9, org.springframework.test.context.support.DependencyInjectionTestExecutionListener@399c4be1, org.springframework.test.context.support.DirtiesContextTestExecutionListener@291caca8, org.springframework.test.context.transaction.TransactionalTestExecutionListener@385e9564, org.springframework.test.context.jdbc.SqlScriptsTestExecutionListener@5b94b04d]
12:47:11.974 [main] DEBUG org.springframework.test.context.support.AbstractDirtiesContextTestExecutionListener - Before test class: context [DefaultTestContext@192c3f1e testClass = PaymentDaoJdbcTest, testInstance = [null], testMethod = [null], testException = [null], mergedContextConfiguration = [MergedContextConfiguration@26b3fd41 testClass = PaymentDaoJdbcTest, locations = '{classpath*:test-db.xml, classpath*:test-dao.xml}', classes = '{}', contextInitializerClasses = '[]', activeProfiles = '{}', propertySourceLocations = '{}', propertySourceProperties = '{}', contextCustomizers = set[[empty]], contextLoader = 'org.springframework.test.context.support.DelegatingSmartContextLoader', parent = [null]], attributes = map[[empty]]], class annotated with @DirtiesContext [false] with mode [null].
12:47:11.980 [main] DEBUG org.springframework.test.context.support.AbstractDelegatingSmartContextLoader - Delegating to GenericXmlContextLoader to load context from [MergedContextConfiguration@26b3fd41 testClass = PaymentDaoJdbcTest, locations = '{classpath*:test-db.xml, classpath*:test-dao.xml}', classes = '{}', contextInitializerClasses = '[]', activeProfiles = '{}', propertySourceLocations = '{}', propertySourceProperties = '{}', contextCustomizers = set[[empty]], contextLoader = 'org.springframework.test.context.support.DelegatingSmartContextLoader', parent = [null]].
12:47:11.980 [main] DEBUG org.springframework.test.context.support.AbstractGenericContextLoader - Loading ApplicationContext for merged context configuration [[MergedContextConfiguration@26b3fd41 testClass = PaymentDaoJdbcTest, locations = '{classpath*:test-db.xml, classpath*:test-dao.xml}', classes = '{}', contextInitializerClasses = '[]', activeProfiles = '{}', propertySourceLocations = '{}', propertySourceProperties = '{}', contextCustomizers = set[[empty]], contextLoader = 'org.springframework.test.context.support.DelegatingSmartContextLoader', parent = [null]]].
12:47:12.031 [main] DEBUG org.springframework.core.env.StandardEnvironment - Activating profiles []
12:47:12.517 [main] DEBUG org.springframework.beans.factory.xml.XmlBeanDefinitionReader - Loaded 3 bean definitions from URL [jar:file:/C:/Users/Alivaria/Documents/GitHub/payment-system/payment-system-testdb/target/payment-system-testdb-1.0-SNAPSHOT.jar!/test-db.xml]
12:47:12.544 [main] DEBUG org.springframework.beans.factory.xml.XmlBeanDefinitionReader - Loaded 2 bean definitions from URL [file:/C:/Users/Alivaria/Documents/GitHub/payment-system/payment-system-dao/target/test-classes/test-dao.xml]
12:47:12.557 [main] DEBUG org.springframework.context.support.GenericApplicationContext - Refreshing org.springframework.context.support.GenericApplicationContext@568ff82
12:47:12.587 [main] DEBUG org.springframework.beans.factory.support.DefaultListableBeanFactory - Creating shared instance of singleton bean 'org.springframework.context.annotation.internalConfigurationAnnotationProcessor'
12:47:12.628 [main] DEBUG org.springframework.context.annotation.ConfigurationClassUtils - Could not find class file for introspecting configuration annotations: com.epam.brest.courses.dao.PaymentDaoJdbc
java.io.FileNotFoundException: class path resource [com/epam/brest/courses/dao/PaymentDaoJdbc.class] cannot be opened because it does not exist
	at org.springframework.core.io.ClassPathResource.getInputStream(ClassPathResource.java:180)
	at org.springframework.core.type.classreading.SimpleMetadataReader.<init>(SimpleMetadataReader.java:51)
	at org.springframework.core.type.classreading.SimpleMetadataReaderFactory.getMetadataReader(SimpleMetadataReaderFactory.java:103)
	at org.springframework.core.type.classreading.CachingMetadataReaderFactory.getMetadataReader(CachingMetadataReaderFactory.java:123)
	at org.springframework.core.type.classreading.SimpleMetadataReaderFactory.getMetadataReader(SimpleMetadataReaderFactory.java:81)
	at org.springframework.context.annotation.ConfigurationClassUtils.checkConfigurationClassCandidate(ConfigurationClassUtils.java:103)
	at org.springframework.context.annotation.ConfigurationClassPostProcessor.processConfigBeanDefinitions(ConfigurationClassPostProcessor.java:273)
	at org.springframework.context.annotation.ConfigurationClassPostProcessor.postProcessBeanDefinitionRegistry(ConfigurationClassPostProcessor.java:232)
	at org.springframework.context.support.PostProcessorRegistrationDelegate.invokeBeanDefinitionRegistryPostProcessors(PostProcessorRegistrationDelegate.java:275)
	at org.springframework.context.support.PostProcessorRegistrationDelegate.invokeBeanFactoryPostProcessors(PostProcessorRegistrationDelegate.java:95)
	at org.springframework.context.support.AbstractApplicationContext.invokeBeanFactoryPostProcessors(AbstractApplicationContext.java:705)
	at org.springframework.context.support.AbstractApplicationContext.refresh(AbstractApplicationContext.java:531)
	at org.springframework.test.context.support.AbstractGenericContextLoader.loadContext(AbstractGenericContextLoader.java:128)
	at org.springframework.test.context.support.AbstractGenericContextLoader.loadContext(AbstractGenericContextLoader.java:60)
	at org.springframework.test.context.support.AbstractDelegatingSmartContextLoader.delegateLoading(AbstractDelegatingSmartContextLoader.java:275)
	at org.springframework.test.context.support.AbstractDelegatingSmartContextLoader.loadContext(AbstractDelegatingSmartContextLoader.java:243)
	at org.springframework.test.context.cache.DefaultCacheAwareContextLoaderDelegate.loadContextInternal(DefaultCacheAwareContextLoaderDelegate.java:99)
	at org.springframework.test.context.cache.DefaultCacheAwareContextLoaderDelegate.loadContext(DefaultCacheAwareContextLoaderDelegate.java:117)
	at org.springframework.test.context.support.DefaultTestContext.getApplicationContext(DefaultTestContext.java:108)
	at org.springframework.test.context.junit.jupiter.SpringExtension.getApplicationContext(SpringExtension.java:191)
	at org.springframework.test.context.junit.jupiter.SpringExtension.resolveParameter(SpringExtension.java:178)
	at org.junit.jupiter.engine.execution.ExecutableInvoker.resolveParameter(ExecutableInvoker.java:207)
	at org.junit.jupiter.engine.execution.ExecutableInvoker.resolveParameters(ExecutableInvoker.java:174)
	at org.junit.jupiter.engine.execution.ExecutableInvoker.resolveParameters(ExecutableInvoker.java:135)
	at org.junit.jupiter.engine.execution.ExecutableInvoker.invoke(ExecutableInvoker.java:61)
	at org.junit.jupiter.engine.descriptor.ClassTestDescriptor.instantiateTestClass(ClassTestDescriptor.java:208)
	at org.junit.jupiter.engine.descriptor.ClassTestDescriptor.instantiateAndPostProcessTestInstance(ClassTestDescriptor.java:195)
	at org.junit.jupiter.engine.descriptor.ClassTestDescriptor.lambda$testInstanceProvider$0(ClassTestDescriptor.java:185)
	at org.junit.jupiter.engine.descriptor.ClassTestDescriptor.lambda$testInstanceProvider$1(ClassTestDescriptor.java:189)
	at java.base/java.util.Optional.orElseGet(Optional.java:369)
	at org.junit.jupiter.engine.descriptor.ClassTestDescriptor.lambda$testInstanceProvider$2(ClassTestDescriptor.java:188)
	at org.junit.jupiter.engine.descriptor.TestMethodTestDescriptor.prepare(TestMethodTestDescriptor.java:81)
	at org.junit.jupiter.engine.descriptor.TestMethodTestDescriptor.prepare(TestMethodTestDescriptor.java:58)
	at org.junit.platform.engine.support.hierarchical.HierarchicalTestExecutor$NodeExecutor.prepare(HierarchicalTestExecutor.java:89)
	at org.junit.platform.engine.support.hierarchical.HierarchicalTestExecutor$NodeExecutor.execute(HierarchicalTestExecutor.java:74)
	at org.junit.platform.engine.support.hierarchical.HierarchicalTestExecutor$NodeExecutor.lambda$executeRecursively$2(HierarchicalTestExecutor.java:121)
	at java.base/java.util.stream.ForEachOps$ForEachOp$OfRef.accept(ForEachOps.java:183)
	at java.base/java.util.stream.ReferencePipeline$2$1.accept(ReferencePipeline.java:177)
	at java.base/java.util.Iterator.forEachRemaining(Iterator.java:133)
	at java.base/java.util.Spliterators$IteratorSpliterator.forEachRemaining(Spliterators.java:1801)
	at java.base/java.util.stream.AbstractPipeline.copyInto(AbstractPipeline.java:484)
	at java.base/java.util.stream.AbstractPipeline.wrapAndCopyInto(AbstractPipeline.java:474)
	at java.base/java.util.stream.ForEachOps$ForEachOp.evaluateSequential(ForEachOps.java:150)
	at java.base/java.util.stream.ForEachOps$ForEachOp$OfRef.evaluateSequential(ForEachOps.java:173)
	at java.base/java.util.stream.AbstractPipeline.evaluate(AbstractPipeline.java:234)
	at java.base/java.util.stream.ReferencePipeline.forEach(ReferencePipeline.java:497)
	at org.junit.platform.engine.support.hierarchical.HierarchicalTestExecutor$NodeExecutor.lambda$executeRecursively$3(HierarchicalTestExecutor.java:121)
	at org.junit.platform.engine.support.hierarchical.SingleTestExecutor.executeSafely(SingleTestExecutor.java:66)
	at org.junit.platform.engine.support.hierarchical.HierarchicalTestExecutor$NodeExecutor.executeRecursively(HierarchicalTestExecutor.java:108)
	at org.junit.platform.engine.support.hierarchical.HierarchicalTestExecutor$NodeExecutor.execute(HierarchicalTestExecutor.java:79)
	at org.junit.platform.engine.support.hierarchical.HierarchicalTestExecutor$NodeExecutor.lambda$executeRecursively$2(HierarchicalTestExecutor.java:121)
	at java.base/java.util.stream.ForEachOps$ForEachOp$OfRef.accept(ForEachOps.java:183)
	at java.base/java.util.stream.ReferencePipeline$2$1.accept(ReferencePipeline.java:177)
	at java.base/java.util.Iterator.forEachRemaining(Iterator.java:133)
	at java.base/java.util.Spliterators$IteratorSpliterator.forEachRemaining(Spliterators.java:1801)
	at java.base/java.util.stream.AbstractPipeline.copyInto(AbstractPipeline.java:484)
	at java.base/java.util.stream.AbstractPipeline.wrapAndCopyInto(AbstractPipeline.java:474)
	at java.base/java.util.stream.ForEachOps$ForEachOp.evaluateSequential(ForEachOps.java:150)
	at java.base/java.util.stream.ForEachOps$ForEachOp$OfRef.evaluateSequential(ForEachOps.java:173)
	at java.base/java.util.stream.AbstractPipeline.evaluate(AbstractPipeline.java:234)
	at java.base/java.util.stream.ReferencePipeline.forEach(ReferencePipeline.java:497)
	at org.junit.platform.engine.support.hierarchical.HierarchicalTestExecutor$NodeExecutor.lambda$executeRecursively$3(HierarchicalTestExecutor.java:121)
	at org.junit.platform.engine.support.hierarchical.SingleTestExecutor.executeSafely(SingleTestExecutor.java:66)
	at org.junit.platform.engine.support.hierarchical.HierarchicalTestExecutor$NodeExecutor.executeRecursively(HierarchicalTestExecutor.java:108)
	at org.junit.platform.engine.support.hierarchical.HierarchicalTestExecutor$NodeExecutor.execute(HierarchicalTestExecutor.java:79)
	at org.junit.platform.engine.support.hierarchical.HierarchicalTestExecutor.execute(HierarchicalTestExecutor.java:55)
	at org.junit.platform.engine.support.hierarchical.HierarchicalTestEngine.execute(HierarchicalTestEngine.java:43)
	at org.junit.platform.launcher.core.DefaultLauncher.execute(DefaultLauncher.java:170)
	at org.junit.platform.launcher.core.DefaultLauncher.execute(DefaultLauncher.java:154)
	at org.junit.platform.launcher.core.DefaultLauncher.execute(DefaultLauncher.java:90)
	at org.apache.maven.surefire.junitplatform.JUnitPlatformProvider.invokeAllTests(JUnitPlatformProvider.java:142)
	at org.apache.maven.surefire.junitplatform.JUnitPlatformProvider.invoke(JUnitPlatformProvider.java:117)
	at org.apache.maven.surefire.booter.ForkedBooter.invokeProviderInSameClassLoader(ForkedBooter.java:383)
	at org.apache.maven.surefire.booter.ForkedBooter.runSuitesInProcess(ForkedBooter.java:344)
	at org.apache.maven.surefire.booter.ForkedBooter.execute(ForkedBooter.java:125)
	at org.apache.maven.surefire.booter.ForkedBooter.main(ForkedBooter.java:417)
12:47:12.640 [main] DEBUG org.springframework.beans.factory.support.DefaultListableBeanFactory - Creating shared instance of singleton bean 'org.springframework.context.event.internalEventListenerProcessor'
12:47:12.643 [main] DEBUG org.springframework.beans.factory.support.DefaultListableBeanFactory - Creating shared instance of singleton bean 'org.springframework.context.event.internalEventListenerFactory'
12:47:12.646 [main] DEBUG org.springframework.beans.factory.support.DefaultListableBeanFactory - Creating shared instance of singleton bean 'org.springframework.context.annotation.internalAutowiredAnnotationProcessor'
12:47:12.654 [main] DEBUG org.springframework.beans.factory.support.DefaultListableBeanFactory - Creating shared instance of singleton bean 'dataSource'
12:47:12.752 [main] DEBUG org.springframework.jdbc.datasource.DriverManagerDataSource - Loaded JDBC driver: org.h2.Driver
12:47:12.753 [main] DEBUG org.springframework.beans.factory.support.DefaultListableBeanFactory - Creating shared instance of singleton bean 'transactionManager'
12:47:12.817 [main] DEBUG org.springframework.beans.factory.support.DefaultListableBeanFactory - Creating shared instance of singleton bean 'org.springframework.jdbc.datasource.init.DataSourceInitializer#0'
12:47:12.899 [main] DEBUG org.springframework.jdbc.datasource.DataSourceUtils - Fetching JDBC Connection from DataSource
12:47:12.899 [main] DEBUG org.springframework.jdbc.datasource.DriverManagerDataSource - Creating new JDBC DriverManager Connection to [jdbc:h2:mem:test_db;MODE=MySQL;DB_CLOSE_DELAY=-1]
12:47:13.294 [main] DEBUG org.springframework.jdbc.datasource.init.ScriptUtils - Executing SQL script from URL [jar:file:/C:/Users/Alivaria/Documents/GitHub/payment-system/payment-system-testdb/target/payment-system-testdb-1.0-SNAPSHOT.jar!/create-db.sql]
12:47:13.300 [main] DEBUG org.springframework.jdbc.datasource.init.ScriptUtils - 0 returned as update count for SQL: DROP TABLE IF EXISTS customerCard
12:47:13.457 [main] DEBUG org.springframework.jdbc.datasource.init.ScriptUtils - 0 returned as update count for SQL: CREATE TABLE customerCard ( customerCard_id INT NOT NULL AUTO_INCREMENT, customerCard_type VARCHAR(20) NOT NULL, customerCard_number INT NOT NULL, customerCard_balance BIGINT NOT NULL, customerCard_expense BIGINT NOT NULL, customerCard_block boolean NOT NULL DEFAULT FALSE, PRIMARY KEY (customerCard_id) )
12:47:13.458 [main] DEBUG org.springframework.jdbc.datasource.init.ScriptUtils - 0 returned as update count for SQL: DROP TABLE IF EXISTS operation
12:47:13.487 [main] DEBUG org.springframework.jdbc.datasource.init.ScriptUtils - 0 returned as update count for SQL: CREATE TABLE operation ( operation_id INT NOT NULL AUTO_INCREMENT, description VARCHAR(255) NOT NULL, operation_date DATETIME NOT NULL, operation_cost BIGINT NOT NULL, customerCard_id INT NOT NULL , PRIMARY KEY (operation_id), FOREIGN KEY (customerCard_id) REFERENCES customerCard (customerCard_id) )
12:47:13.487 [main] DEBUG org.springframework.jdbc.datasource.init.ScriptUtils - Executed SQL script from URL [jar:file:/C:/Users/Alivaria/Documents/GitHub/payment-system/payment-system-testdb/target/payment-system-testdb-1.0-SNAPSHOT.jar!/create-db.sql] in 193 ms.
12:47:13.488 [main] DEBUG org.springframework.jdbc.datasource.init.ScriptUtils - Executing SQL script from URL [jar:file:/C:/Users/Alivaria/Documents/GitHub/payment-system/payment-system-testdb/target/payment-system-testdb-1.0-SNAPSHOT.jar!/data-script.sql]
12:47:13.493 [main] DEBUG org.springframework.jdbc.datasource.init.ScriptUtils - 1 returned as update count for SQL: INSERT INTO customerCard (customerCard_id, customerCard_type, customerCard_number, customerCard_balance, customerCard_expense, customerCard_block) VALUES (0, 'VISA', '1234', 15, 10, false)
12:47:13.494 [main] DEBUG org.springframework.jdbc.datasource.init.ScriptUtils - 1 returned as update count for SQL: INSERT INTO customerCard (customerCard_id, customerCard_type, customerCard_number, customerCard_balance, customerCard_expense, customerCard_block) VALUES (1, 'Maestro', '2345', 15, 10, false)
12:47:13.495 [main] DEBUG org.springframework.jdbc.datasource.init.ScriptUtils - 1 returned as update count for SQL: INSERT INTO customerCard (customerCard_id, customerCard_type, customerCard_number, customerCard_balance, customerCard_expense, customerCard_block) VALUES (2, 'UnionPay', '3342', 15, 10, false)
12:47:13.630 [main] DEBUG org.springframework.jdbc.datasource.init.ScriptUtils - 1 returned as update count for SQL: INSERT INTO operation (operation_id, description, operation_date, operation_cost, customerCard_id) VALUES (1, 'test', CURRENT_TIMESTAMP, 15, 1)
12:47:13.631 [main] DEBUG org.springframework.jdbc.datasource.init.ScriptUtils - 1 returned as update count for SQL: INSERT INTO operation (operation_id, description, operation_date, operation_cost, customerCard_id) VALUES (2, 'test1', CURRENT_TIMESTAMP, 15, 2)
12:47:13.633 [main] DEBUG org.springframework.jdbc.datasource.init.ScriptUtils - 1 returned as update count for SQL: INSERT INTO operation (operation_id, description, operation_date, operation_cost, customerCard_id) VALUES (3, 'test2', CURRENT_TIMESTAMP, 15, 0)
12:47:13.634 [main] DEBUG org.springframework.jdbc.datasource.init.ScriptUtils - 1 returned as update count for SQL: INSERT INTO operation (operation_id, description, operation_date, operation_cost, customerCard_id) VALUES (4, 'test3', CURRENT_TIMESTAMP, 15, 1)
12:47:13.635 [main] DEBUG org.springframework.jdbc.datasource.init.ScriptUtils - 1 returned as update count for SQL: INSERT INTO operation (operation_id, description, operation_date, operation_cost, customerCard_id) VALUES (5, 'test4', CURRENT_TIMESTAMP, 15, 2)
12:47:13.635 [main] DEBUG org.springframework.jdbc.datasource.init.ScriptUtils - Executed SQL script from URL [jar:file:/C:/Users/Alivaria/Documents/GitHub/payment-system/payment-system-testdb/target/payment-system-testdb-1.0-SNAPSHOT.jar!/data-script.sql] in 147 ms.
12:47:13.636 [main] WARN org.springframework.context.support.GenericApplicationContext - Exception encountered during context initialization - cancelling refresh attempt: org.springframework.beans.factory.CannotLoadBeanClassException: Cannot find class [com.epam.brest.courses.dao.PaymentDaoJdbc] for bean with name 'paymentDao' defined in URL [file:/C:/Users/Alivaria/Documents/GitHub/payment-system/payment-system-dao/target/test-classes/test-dao.xml]; nested exception is java.lang.ClassNotFoundException: com.epam.brest.courses.dao.PaymentDaoJdbc
12:47:13.636 [main] DEBUG org.springframework.jdbc.datasource.DataSourceUtils - Fetching JDBC Connection from DataSource
12:47:13.636 [main] DEBUG org.springframework.jdbc.datasource.DriverManagerDataSource - Creating new JDBC DriverManager Connection to [jdbc:h2:mem:test_db;MODE=MySQL;DB_CLOSE_DELAY=-1]
]]></system-out>
  </testcase>
</testsuite>